<?xml version="1.0" encoding="UTF-8" ?>
<testsuite tests="8" failures="0" name="com.rdstation.CustomerSuccessBalancingTest" time="0.093" errors="0" skipped="0">
  <properties>
[...]
</properties>
  <testcase classname="com.rdstation.CustomerSuccessBalancingTest" name="scenario1" time="0.01"/>
  <testcase classname="com.rdstation.CustomerSuccessBalancingTest" name="scenario2" time="0"/>
  <testcase classname="com.rdstation.CustomerSuccessBalancingTest" name="scenario3" time="0.08"/>
  <testcase classname="com.rdstation.CustomerSuccessBalancingTest" name="scenario4" time="0.001"/>
  <testcase classname="com.rdstation.CustomerSuccessBalancingTest" name="scenario5" time="0.001"/>
  <testcase classname="com.rdstation.CustomerSuccessBalancingTest" name="scenario6" time="0.001"/>
  <testcase classname="com.rdstation.CustomerSuccessBalancingTest" name="scenario7" time="0"/>
  <testcase classname="com.rdstation.CustomerSuccessBalancingTest" name="scenario8" time="0"/>
</testsuite>